Arguments: 
  /usr/local/bin/node /usr/local/bin/yarn add typescript -D

PATH: 
  /usr/local/bin:/usr/bin:/bin:/usr/sbin:/sbin

Yarn version: 
  1.22.5

Node version: 
  12.18.2

Platform: 
  darwin x64

Trace: 
  Error: getaddrinfo ENOTFOUND npm-registry.qunhequnhe.com
      at GetAddrInfoReqWrap.onlookup [as oncomplete] (dns.js:66:26)

npm manifest: 
  {
    "name": "SysUI.js",
    "version": "0.0.1",
    "description": "A UI Framework based on JavaScript. Provide a simple way to simulate most of popular UI of Systems.",
    "main": "index.ts",
    "repository": "https://github.com/wszxdhr/SysUI.js.git",
    "author": "wszxdhr <job@anymelon.com>",
    "license": "MIT"
  }

yarn manifest: 
  No manifest

Lockfile: 
  No lockfile
